[debug] [2024-01-01T05:18:08.597Z] ----------------------------------------------------------------------
[debug] [2024-01-01T05:18:08.599Z] Command:       C:\Program Files\nodejs\node.exe C:\Users\yelin\AppData\Roaming\npm\node_modules\firebase-tools\lib\bin\firebase.js init
[debug] [2024-01-01T05:18:08.600Z] CLI Version:   13.0.2
[debug] [2024-01-01T05:18:08.600Z] Platform:      win32
[debug] [2024-01-01T05:18:08.600Z] Node Version:  v20.6.1
[debug] [2024-01-01T05:18:08.600Z] Time:          Mon Jan 01 2024 13:18:08 GMT+0800 (Singapore Standard Time)
[debug] [2024-01-01T05:18:08.600Z] ----------------------------------------------------------------------
[debug] 
[debug] [2024-01-01T05:18:08.603Z] >>> [apiv2][query] GET https://firebase-public.firebaseio.com/cli.json [none]
[debug] [2024-01-01T05:18:08.643Z] > command requires scopes: ["email","openid","https://www.googleapis.com/auth/cloudplatformprojects.readonly","https://www.googleapis.com/auth/firebase","https://www.googleapis.com/auth/cloud-platform"]
[debug] [2024-01-01T05:18:08.643Z] > authorizing via signed-in user (jclinton931@gmail.com)
[info] 
     ######## #### ########  ######## ########     ###     ######  ########
     ##        ##  ##     ## ##       ##     ##  ##   ##  ##       ##
     ######    ##  ########  ######   ########  #########  ######  ######
     ##        ##  ##    ##  ##       ##     ## ##     ##       ## ##
     ##       #### ##     ## ######## ########  ##     ##  ######  ########

You're about to initialize a Firebase project in this directory:

  C:\Clinton\web-dev\inventory-vue-project

Before we get started, keep in mind:

  * You are currently outside your home directory

[debug] [2024-01-01T05:18:09.328Z] <<< [apiv2][status] GET https://firebase-public.firebaseio.com/cli.json 200
[debug] [2024-01-01T05:18:09.328Z] <<< [apiv2][body] GET https://firebase-public.firebaseio.com/cli.json {"cloudBuildErrorAfter":1594252800000,"cloudBuildWarnAfter":1590019200000,"defaultNode10After":1594252800000,"minVersion":"3.0.5","node8DeploysDisabledAfter":1613390400000,"node8RuntimeDisabledAfter":1615809600000,"node8WarnAfter":1600128000000}
